{"total": {"lines":{"total":379,"covered":52,"skipped":0,"pct":13.72},"statements":{"total":391,"covered":55,"skipped":0,"pct":14.06},"functions":{"total":38,"covered":6,"skipped":0,"pct":15.78},"branches":{"total":250,"covered":51,"skipped":0,"pct":20.4},"branchesTrue":{"total":0,"covered":0,"skipped":0,"pct":100}}
,"C:\\Users\\edwin\\OneDrive\\Desktop\\PR-review\\PR-review-Gitbot\\index.js": {"lines":{"total":354,"covered":52,"skipped":0,"pct":14.68},"functions":{"total":35,"covered":6,"skipped":0,"pct":17.14},"statements":{"total":366,"covered":55,"skipped":0,"pct":15.02},"branches":{"total":242,"covered":51,"skipped":0,"pct":21.07}}
,"C:\\Users\\edwin\\OneDrive\\Desktop\\PR-review\\PR-review-Gitbot\\src\\cli.js": {"lines":{"total":12,"covered":0,"skipped":0,"pct":0},"functions":{"total":1,"covered":0,"skipped":0,"pct":0},"statements":{"total":12,"covered":0,"skipped":0,"pct":0},"branches":{"total":2,"covered":0,"skipped":0,"pct":0}}
,"C:\\Users\\edwin\\OneDrive\\Desktop\\PR-review\\PR-review-Gitbot\\src\\github.js": {"lines":{"total":13,"covered":0,"skipped":0,"pct":0},"functions":{"total":2,"covered":0,"skipped":0,"pct":0},"statements":{"total":13,"covered":0,"skipped":0,"pct":0},"branches":{"total":6,"covered":0,"skipped":0,"pct":0}}
}
